Thursday 19th of January 2017 11:18:42 PM ===> Le controller controllers/TestController.class.php n'existe pas

Thursday 19th of January 2017 11:19:48 PM ===> Le controller TestController n'existe pas

Thursday 19th of January 2017 11:22:01 PM ===> Le controller TestController n'existe pas

Tuesday 31st of January 2017 12:54:17 AM ===> La méthode AdfAction n'éxiste pas dans UserControllerTuesday

Tuesday 31st of January 2017 12:59:11 AM ===> La méthode AddfAction n'éxiste pas dans UserController

Tuesday 31st of January 2017 01:02:14 AM ===> La méthode AddfAction n'éxiste pas dans UserController

Tuesday 31st of January 2017 01:04:16 AM ===> La méthode AddfAction n'éxiste pas dans UserController
Tuesday 31st of January 2017 12:47:04 PM ===> La view  n'existe pas.Tuesday 31st of January 2017 12:47:19 PM ===> La view  n'existe pas.Tuesday 31st of January 2017 12:47:36 PM ===> La view  n'existe pas.Tuesday 31st of January 2017 12:48:53 PM ===> La view  n'existe pas.Tuesday 31st of January 2017 12:49:02 PM ===> La view  n'existe pas.Tuesday 31st of January 2017 12:49:38 PM ===> La view  n'existe pas.Tuesday 31st of January 2017 12:49:46 PM ===> La view  n'existe pas.Tuesday 31st of January 2017 12:50:19 PM ===> La view  n'existe pas.Tuesday 31st of January 2017 12:50:34 PM ===> La view  n'existe pas.Tuesday 31st of January 2017 12:50:57 PM ===> La view  n'existe pas.Tuesday 31st of January 2017 12:50:58 PM ===> La view  n'existe pas.Tuesday 31st of January 2017 12:51:07 PM ===> La view index n'existe pas.Tuesday 31st of January 2017 12:51:17 PM ===> La view index n'existe pas.Tuesday 31st of January 2017 12:52:33 PM ===> La view index n'existe pas.

Tuesday 31st of January 2017 12:53:16 PM ===> La view index n'existe pas.

Tuesday 31st of January 2017 12:54:48 PM ===> La view index n'existe pas.

Tuesday 31st of January 2017 12:54:54 PM ===> La view index n'existe pas.

Tuesday 31st of January 2017 12:54:55 PM ===> La view index n'existe pas.

Tuesday 31st of January 2017 12:55:20 PM ===> La méthode frontendAction n'éxiste pas dans IndexController

Tuesday 31st of January 2017 12:55:24 PM ===> La view index n'existe pas.

Tuesday 31st of January 2017 12:56:08 PM ===> La view index n'existe pas.

Tuesday 31st of January 2017 12:57:23 PM ===> La view index n'existe pas.

Tuesday 31st of January 2017 12:58:59 PM ===> La view index n'existe pas.

Tuesday 31st of January 2017 12:59:09 PM ===> La view index n'existe pas.

Wednesday 1st of February 2017 12:02:12 AM ===> La view index n'existe pas.

Wednesday 1st of February 2017 12:09:00 AM ===> La view index n'existe pas.

Wednesday 1st of February 2017 12:10:21 AM ===> La view index n'existe pas.

Wednesday 1st of February 2017 12:10:23 AM ===> La view index n'existe pas.

Wednesday 1st of February 2017 12:10:30 AM ===> La view index n'existe pas.

Wednesday 1st of February 2017 12:10:32 AM ===> La view index n'existe pas.

Wednesday 1st of February 2017 12:10:41 AM ===> La view index n'existe pas.

Wednesday 1st of February 2017 12:11:14 AM ===> La view index n'existe pas.

Wednesday 1st of February 2017 12:11:27 AM ===> La view index n'existe pas.

Wednesday 1st of February 2017 12:11:48 AM ===> La view index n'existe pas.

Wednesday 1st of February 2017 12:12:01 AM ===> La view index n'existe pas.

Wednesday 1st of February 2017 12:12:03 AM ===> La view index n'existe pas.

Wednesday 1st of February 2017 12:13:01 AM ===> La view index n'existe pas.

Wednesday 1st of February 2017 12:13:16 AM ===> La view index n'existe pas.

Wednesday 1st of February 2017 12:13:21 AM ===> La view index n'existe pas.

Wednesday 1st of February 2017 12:13:37 AM ===> La view index n'existe pas.

Wednesday 1st of February 2017 12:13:53 AM ===> La view index n'existe pas.

Wednesday 1st of February 2017 12:14:07 AM ===> La view index n'existe pas.

Wednesday 1st of February 2017 12:14:13 AM ===> Le template frontend n'existe pas.

Wednesday 1st of February 2017 12:14:23 AM ===> Le template frontend n'existe pas.

Monday 27th of March 2017 06:49:20 PM ===> Le controller IndexController n'existe pas

Tuesday 28th of March 2017 02:43:19 PM ===> Le controller AssetsController n'existe pas

Tuesday 28th of March 2017 02:43:29 PM ===> Le controller AssetsController n'existe pas

Tuesday 28th of March 2017 02:47:09 PM ===> Le controller AssetsController n'existe pas

Tuesday 28th of March 2017 02:47:20 PM ===> Le controller AssetsController n'existe pas

Tuesday 28th of March 2017 02:48:03 PM ===> Le controller AssetsController n'existe pas

Tuesday 28th of March 2017 02:48:08 PM ===> Le controller AssetsController n'existe pas

Tuesday 28th of March 2017 02:48:17 PM ===> Le controller AssetsController n'existe pas

Tuesday 28th of March 2017 02:51:47 PM ===> Le controller AssetsController n'existe pas

Tuesday 28th of March 2017 02:55:30 PM ===> Le controller AssetsController n'existe pas

Tuesday 28th of March 2017 02:56:57 PM ===> Le controller AssetsController n'existe pas

Tuesday 28th of March 2017 02:58:17 PM ===> Le controller AssetsController n'existe pas

Tuesday 28th of March 2017 02:59:09 PM ===> Le controller AssetsController n'existe pas

Tuesday 28th of March 2017 02:59:14 PM ===> Le controller AssetsController n'existe pas

Tuesday 28th of March 2017 02:59:52 PM ===> Le controller AssetsController n'existe pas

Tuesday 28th of March 2017 03:00:29 PM ===> Le controller WelcomeController n'existe pas

Tuesday 28th of March 2017 03:00:43 PM ===> Le controller AssetsController n'existe pas

Tuesday 28th of March 2017 03:07:54 PM ===> Le controller AssetsController n'existe pas

Tuesday 28th of March 2017 03:07:55 PM ===> Le controller AssetsController n'existe pas

Tuesday 28th of March 2017 03:08:21 PM ===> Le controller AssetsController n'existe pas

Tuesday 28th of March 2017 03:19:12 PM ===> Le controller AssetsController n'existe pas

Tuesday 28th of March 2017 05:14:25 PM ===> Le controller Favicon.icoController n'existe pas

Tuesday 28th of March 2017 05:16:00 PM ===> Le controller AssetsController n'existe pas

Tuesday 28th of March 2017 05:16:00 PM ===> Le controller AssetsController n'existe pas

Tuesday 28th of March 2017 05:16:32 PM ===> Le controller AssetsController n'existe pas

Tuesday 28th of March 2017 05:16:32 PM ===> Le controller AssetsController n'existe pas

Tuesday 25th of April 2017 09:06:35 PM ===> Le controller AdminController n'existe pas

Tuesday 25th of April 2017 09:06:35 PM ===> Le controller Favicon.icoController n'existe pas

Tuesday 25th of April 2017 09:07:50 PM ===> Le controller AdminController n'existe pas

Tuesday 25th of April 2017 09:10:11 PM ===> Le controller AdminController n'existe pas

Tuesday 25th of April 2017 09:10:21 PM ===> Le controller AdminController n'existe pas

Tuesday 25th of April 2017 09:11:21 PM ===> Le controller AdminController n'existe pas

Tuesday 25th of April 2017 09:11:22 PM ===> Le controller AdminController n'existe pas

Tuesday 25th of April 2017 11:11:53 PM ===> Le controller AdminController n'existe pas

Tuesday 25th of April 2017 11:17:31 PM ===> La méthode publicAction n'éxiste pas dans AdminController

Tuesday 25th of April 2017 11:17:31 PM ===> La méthode publicAction n'éxiste pas dans AdminController

Tuesday 25th of April 2017 11:19:09 PM ===> La view admin.index n'existe pas.

Tuesday 25th of April 2017 11:21:04 PM ===> La view admin.index n'existe pas.

Tuesday 25th of April 2017 11:23:51 PM ===> La view admin.index n'existe pas.

Tuesday 25th of April 2017 11:23:56 PM ===> La view admin.index n'existe pas.

Tuesday 25th of April 2017 11:24:06 PM ===> La view adminindex n'existe pas.

Tuesday 25th of April 2017 11:24:08 PM ===> La view adminindex n'existe pas.

Tuesday 25th of April 2017 11:25:03 PM ===> La view adminindex n'existe pas.

Tuesday 25th of April 2017 11:25:09 PM ===> La view admin.index n'existe pas.

Tuesday 25th of April 2017 11:25:38 PM ===> La view admin.index n'existe pas.

Tuesday 25th of April 2017 11:30:58 PM ===> La view admin.index n'existe pas.

Tuesday 25th of April 2017 11:31:06 PM ===> La view admin.index n'existe pas.

Tuesday 25th of April 2017 11:31:32 PM ===> La view admin.index n'existe pas.

Tuesday 25th of April 2017 11:31:45 PM ===> La view admin.index n'existe pas.

Tuesday 25th of April 2017 11:31:47 PM ===> La view admin.index n'existe pas.

Tuesday 25th of April 2017 11:32:03 PM ===> La view admin.index n'existe pas.

Tuesday 25th of April 2017 11:32:44 PM ===> La view admin.index n'existe pas.

Tuesday 25th of April 2017 11:33:02 PM ===> La view admin.index n'existe pas.

Tuesday 25th of April 2017 11:33:03 PM ===> La view admin.index n'existe pas.

Wednesday 26th of April 2017 12:14:41 AM ===> La view admin.index n'existe pas.

Wednesday 26th of April 2017 12:15:11 AM ===> Le controller AssetsController n'existe pas

Wednesday 26th of April 2017 12:15:11 AM ===> Le controller AssetsController n'existe pas

Wednesday 26th of April 2017 12:15:28 AM ===> Le controller AssetsController n'existe pas

Wednesday 26th of April 2017 12:15:28 AM ===> Le controller AssetsController n'existe pas

Wednesday 26th of April 2017 12:15:40 AM ===> Le controller AssetsController n'existe pas

Wednesday 26th of April 2017 12:15:40 AM ===> Le controller AssetsController n'existe pas

Wednesday 26th of April 2017 12:18:24 AM ===> Le controller AssetsController n'existe pas

Wednesday 26th of April 2017 12:18:24 AM ===> Le controller AssetsController n'existe pas

Wednesday 26th of April 2017 12:18:32 AM ===> La view adminindex n'existe pas.

Wednesday 26th of April 2017 12:18:36 AM ===> Le controller AssetsController n'existe pas

Wednesday 26th of April 2017 12:18:36 AM ===> Le controller AssetsController n'existe pas

Wednesday 26th of April 2017 12:18:40 AM ===> Le controller AssetsController n'existe pas

Wednesday 26th of April 2017 12:18:40 AM ===> Le controller AssetsController n'existe pas

Wednesday 26th of April 2017 12:19:01 AM ===> Le controller AssetsController n'existe pas

Wednesday 26th of April 2017 12:19:01 AM ===> Le controller AssetsController n'existe pas

Wednesday 26th of April 2017 12:27:59 AM ===> Le controller AssetsController n'existe pas

Wednesday 26th of April 2017 12:27:59 AM ===> Le controller AssetsController n'existe pas

Wednesday 26th of April 2017 12:28:28 AM ===> Le controller AssetsController n'existe pas

Wednesday 26th of April 2017 12:28:28 AM ===> Le controller AssetsController n'existe pas

Wednesday 26th of April 2017 12:28:29 AM ===> Le controller AssetsController n'existe pas

Wednesday 26th of April 2017 12:28:29 AM ===> Le controller AssetsController n'existe pas

Wednesday 26th of April 2017 10:39:15 PM ===> Le controller Favicon.icoController n'existe pas

Thursday 27th of April 2017 09:09:53 PM ===> Le controller Favicon.icoController n'existe pas

Monday 1st of May 2017 10:32:16 PM ===> Le controller Favicon.icoController n'existe pas

Monday 1st of May 2017 10:32:16 PM ===> Le controller Favicon.icoController n'existe pas

Monday 1st of May 2017 11:07:57 PM ===> La view admin.index n'existe pas.

